Dec-24 14:34:07.423 [main] DEBUG nextflow.cli.Launcher - $> nextflow run script1.nf
Dec-24 14:34:07.455 [main] INFO  nextflow.cli.CmdRun - N E X T F L O W  ~  version 22.10.4
Dec-24 14:34:07.468 [main] DEBUG nextflow.plugin.PluginsFacade - Setting up plugin manager > mode=prod; embedded=false; plugins-dir=/Users/okendojo/.nextflow/plugins; core-plugins: nf-amazon@1.11.2,nf-azure@0.14.2,nf-codecommit@0.1.2,nf-console@1.0.4,nf-ga4gh@1.0.4,nf-google@1.4.5,nf-tower@1.5.6,nf-wave@0.5.2
Dec-24 14:34:07.474 [main] INFO  org.pf4j.DefaultPluginStatusProvider - Enabled plugins: []
Dec-24 14:34:07.475 [main] INFO  org.pf4j.DefaultPluginStatusProvider - Disabled plugins: []
Dec-24 14:34:07.476 [main] INFO  org.pf4j.DefaultPluginManager - PF4J version 3.4.1 in 'deployment' mode
Dec-24 14:34:07.482 [main] INFO  org.pf4j.AbstractPluginManager - No plugins
Dec-24 14:34:07.492 [main] DEBUG nextflow.config.ConfigBuilder - Found config local: /Users/okendojo/Desktop/software/verkkoNF/verkkoNF/nextflow.config
Dec-24 14:34:07.493 [main] DEBUG nextflow.config.ConfigBuilder - Parsing config file: /Users/okendojo/Desktop/software/verkkoNF/verkkoNF/nextflow.config
Dec-24 14:34:07.504 [main] DEBUG nextflow.config.ConfigBuilder - Applying config profile: `standard`
Dec-24 14:34:07.805 [main] DEBUG nextflow.cli.CmdRun - Applied DSL=2 from config declaration
Dec-24 14:34:07.818 [main] INFO  nextflow.cli.CmdRun - Launching `script1.nf` [golden_rubens] DSL2 - revision: 76f1f67a6a
Dec-24 14:34:07.818 [main] DEBUG nextflow.plugin.PluginsFacade - Plugins default=[]
Dec-24 14:34:07.818 [main] DEBUG nextflow.plugin.PluginsFacade - Plugins resolved requirement=[]
Dec-24 14:34:07.823 [main] DEBUG nextflow.secret.LocalSecretsProvider - Secrets store: /Users/okendojo/.nextflow/secrets/store.json
Dec-24 14:34:07.825 [main] DEBUG nextflow.secret.SecretsLoader - Discovered secrets providers: [nextflow.secret.LocalSecretsProvider@35f3a22c] - activable => nextflow.secret.LocalSecretsProvider@35f3a22c
Dec-24 14:34:07.862 [main] DEBUG nextflow.Session - Session UUID: b8787e20-6394-4e5f-8a9b-d0ccc7330ced
Dec-24 14:34:07.862 [main] DEBUG nextflow.Session - Run name: golden_rubens
Dec-24 14:34:07.862 [main] DEBUG nextflow.Session - Executor pool size: 10
Dec-24 14:34:07.868 [main] DEBUG nextflow.util.ThreadPoolBuilder - Creating thread pool 'FileTransfer' minSize=10; maxSize=30; workQueue=LinkedBlockingQueue[10000]; allowCoreThreadTimeout=false
Dec-24 14:34:07.926 [main] DEBUG nextflow.cli.CmdRun - 
  Version: 22.10.4 build 5836
  Created: 09-12-2022 09:58 UTC (04:58 EDT)
  System: Mac OS X 12.3
  Runtime: Groovy 3.0.13 on OpenJDK 64-Bit Server VM 11.0.13+7-b1751.21
  Encoding: UTF-8 (UTF-8)
  Process: 28596@HG-02254160-LM [10.243.75.209]
  CPUs: 10 - Mem: 16 GB (131.5 MB) - Swap: 0 (0)
Dec-24 14:34:07.939 [main] DEBUG nextflow.Session - Work-dir: /Users/okendojo/Desktop/software/verkkoNF/verkkoNF/work [Mac OS X]
Dec-24 14:34:07.939 [main] DEBUG nextflow.Session - Script base path does not exist or is not a directory: /Users/okendojo/Desktop/software/verkkoNF/verkkoNF/bin
Dec-24 14:34:07.946 [main] DEBUG nextflow.executor.ExecutorFactory - Extension executors providers=[]
Dec-24 14:34:07.951 [main] DEBUG nextflow.Session - Observer factory: DefaultObserverFactory
Dec-24 14:34:07.962 [main] DEBUG nextflow.cache.CacheFactory - Using Nextflow cache factory: nextflow.cache.DefaultCacheFactory
Dec-24 14:34:07.969 [main] DEBUG nextflow.util.CustomThreadPool - Creating default thread pool > poolSize: 11; maxThreads: 1000
Dec-24 14:34:08.024 [main] DEBUG nextflow.Session - Session start
Dec-24 14:34:08.180 [main] DEBUG nextflow.script.ScriptRunner - > Launching execution
Dec-24 14:34:08.241 [main] DEBUG nextflow.executor.ExecutorFactory - << taskConfig executor: null
Dec-24 14:34:08.241 [main] DEBUG nextflow.executor.ExecutorFactory - >> processorType: 'local'
Dec-24 14:34:08.244 [main] DEBUG nextflow.executor.Executor - [warm up] executor > local
Dec-24 14:34:08.247 [main] DEBUG n.processor.LocalPollingMonitor - Creating local task monitor for executor 'local' > cpus=10; memory=16 GB; capacity=10; pollInterval=100ms; dumpInterval=5m
Dec-24 14:34:08.298 [main] DEBUG nextflow.executor.ExecutorFactory - << taskConfig executor: null
Dec-24 14:34:08.298 [main] DEBUG nextflow.executor.ExecutorFactory - >> processorType: 'local'
Dec-24 14:34:08.306 [main] DEBUG nextflow.Session - Workflow process names [dsl2]: CONVERTTOUPPER, SPLITTLETTERS
Dec-24 14:34:08.306 [main] DEBUG nextflow.Session - Igniting dataflow network (3)
Dec-24 14:34:08.306 [main] DEBUG nextflow.processor.TaskProcessor - Starting process > SPLITTLETTERS
Dec-24 14:34:08.307 [main] DEBUG nextflow.processor.TaskProcessor - Starting process > CONVERTTOUPPER
Dec-24 14:34:08.307 [main] DEBUG nextflow.script.ScriptRunner - > Awaiting termination 
Dec-24 14:34:08.307 [main] DEBUG nextflow.Session - Session await
Dec-24 14:34:08.338 [Actor Thread 8] WARN  nextflow.container.SingularityCache - Singularity cache directory has not been defined -- Remote image will be stored in the path: /Users/okendojo/Desktop/software/verkkoNF/verkkoNF/work/singularity -- Use env variable NXF_SINGULARITY_CACHEDIR to specify a different location
Dec-24 14:34:08.339 [Actor Thread 8] INFO  nextflow.container.SingularityCache - Pulling Singularity image docker://telozib/verkko:latest [cache /Users/okendojo/Desktop/software/verkkoNF/verkkoNF/work/singularity/telozib-verkko-latest.img]
Dec-24 14:34:08.365 [Actor Thread 6] ERROR nextflow.processor.TaskProcessor - Error executing process > 'SPLITTLETTERS (1)'

Caused by:
  Failed to pull singularity image
  command: singularity pull  --name telozib-verkko-latest.img.pulling.1671910448339 docker://telozib/verkko:latest > /dev/null
  status : 127
  message:
    bash: singularity: command not found


java.lang.IllegalStateException: java.lang.IllegalStateException: Failed to pull singularity image
  command: singularity pull  --name telozib-verkko-latest.img.pulling.1671910448339 docker://telozib/verkko:latest > /dev/null
  status : 127
  message:
    bash: singularity: command not found

	at nextflow.container.SingularityCache.getCachePathFor(SingularityCache.groovy:348)
	at nextflow.container.ContainerHandler.createSingularityCache(ContainerHandler.groovy:97)
	at nextflow.container.ContainerHandler.normalizeImageName(ContainerHandler.groovy:81)
	at nextflow.container.resolver.DefaultContainerResolver.resolveImage(DefaultContainerResolver.groovy:44)
	at java.base/jdk.internal.reflect.NativeMethodAccessorImpl.invoke0(Native Method)
	at java.base/jdk.internal.reflect.NativeMethodAccessorImpl.invoke(NativeMethodAccessorImpl.java:62)
	at java.base/jdk.internal.reflect.DelegatingMethodAccessorImpl.invoke(DelegatingMethodAccessorImpl.java:43)
	at java.base/java.lang.reflect.Method.invoke(Method.java:566)
	at org.codehaus.groovy.runtime.callsite.PlainObjectMetaMethodSite.doInvoke(PlainObjectMetaMethodSite.java:43)
	at org.codehaus.groovy.runtime.callsite.PogoMetaMethodSite$PogoCachedMethodSite.invoke(PogoMetaMethodSite.java:170)
	at org.codehaus.groovy.runtime.callsite.PogoMetaMethodSite.call(PogoMetaMethodSite.java:73)
	at org.codehaus.groovy.runtime.callsite.CallSiteArray.defaultCall(CallSiteArray.java:47)
	at org.codehaus.groovy.runtime.callsite.AbstractCallSite.call(AbstractCallSite.java:125)
	at org.codehaus.groovy.runtime.callsite.AbstractCallSite.call(AbstractCallSite.java:148)
	at nextflow.processor.TaskRun.memoizedMethodPriv$getContainerInfo0(TaskRun.groovy:600)
	at java.base/jdk.internal.reflect.NativeMethodAccessorImpl.invoke0(Native Method)
	at java.base/jdk.internal.reflect.NativeMethodAccessorImpl.invoke(NativeMethodAccessorImpl.java:62)
	at java.base/jdk.internal.reflect.DelegatingMethodAccessorImpl.invoke(DelegatingMethodAccessorImpl.java:43)
	at java.base/java.lang.reflect.Method.invoke(Method.java:566)
	at org.codehaus.groovy.reflection.CachedMethod.invoke(CachedMethod.java:107)
	at groovy.lang.MetaMethod.doMethodInvoke(MetaMethod.java:323)
	at org.codehaus.groovy.runtime.metaclass.ClosureMetaClass.invokeMethod(ClosureMetaClass.java:362)
	at org.codehaus.groovy.runtime.callsite.PogoMetaClassSite.callCurrent(PogoMetaClassSite.java:61)
	at org.codehaus.groovy.runtime.callsite.CallSiteArray.defaultCallCurrent(CallSiteArray.java:51)
	at org.codehaus.groovy.runtime.callsite.AbstractCallSite.callCurrent(AbstractCallSite.java:171)
	at org.codehaus.groovy.runtime.callsite.AbstractCallSite.callCurrent(AbstractCallSite.java:176)
	at nextflow.processor.TaskRun$_closure3.doCall(TaskRun.groovy)
	at nextflow.processor.TaskRun$_closure3.doCall(TaskRun.groovy)
	at java.base/jdk.internal.reflect.NativeMethodAccessorImpl.invoke0(Native Method)
	at java.base/jdk.internal.reflect.NativeMethodAccessorImpl.invoke(NativeMethodAccessorImpl.java:62)
	at java.base/jdk.internal.reflect.DelegatingMethodAccessorImpl.invoke(DelegatingMethodAccessorImpl.java:43)
	at java.base/java.lang.reflect.Method.invoke(Method.java:566)
	at org.codehaus.groovy.reflection.CachedMethod.invoke(CachedMethod.java:107)
	at groovy.lang.MetaMethod.doMethodInvoke(MetaMethod.java:323)
	at org.codehaus.groovy.runtime.metaclass.ClosureMetaClass.invokeMethod(ClosureMetaClass.java:274)
	at groovy.lang.MetaClassImpl.invokeMethod(MetaClassImpl.java:1035)
	at groovy.lang.Closure.call(Closure.java:412)
	at org.codehaus.groovy.runtime.memoize.Memoize$MemoizeFunction.lambda$call$0(Memoize.java:137)
	at org.codehaus.groovy.runtime.memoize.ConcurrentCommonCache.getAndPut(ConcurrentCommonCache.java:137)
	at org.codehaus.groovy.runtime.memoize.ConcurrentCommonCache.getAndPut(ConcurrentCommonCache.java:113)
	at org.codehaus.groovy.runtime.memoize.Memoize$MemoizeFunction.call(Memoize.java:136)
	at groovy.lang.Closure.call(Closure.java:406)
	at java_util_concurrent_Callable$call.call(Unknown Source)
	at org.codehaus.groovy.runtime.callsite.CallSiteArray.defaultCall(CallSiteArray.java:47)
	at org.codehaus.groovy.runtime.callsite.AbstractCallSite.call(AbstractCallSite.java:125)
	at org.codehaus.groovy.runtime.callsite.AbstractCallSite.call(AbstractCallSite.java:130)
	at nextflow.processor.TaskRun.getContainerInfo0(TaskRun.groovy)
	at nextflow.processor.TaskRun.getContainer(TaskRun.groovy:608)
	at nextflow.processor.TaskRun.isContainerEnabled(TaskRun.groovy:641)
	at nextflow.processor.TaskRun$isContainerEnabled$2.call(Unknown Source)
	at org.codehaus.groovy.runtime.callsite.CallSiteArray.defaultCall(CallSiteArray.java:47)
	at org.codehaus.groovy.runtime.callsite.AbstractCallSite.call(AbstractCallSite.java:125)
	at org.codehaus.groovy.runtime.callsite.AbstractCallSite.call(AbstractCallSite.java:130)
	at nextflow.processor.TaskProcessor.createTaskHashKey(TaskProcessor.groovy:2013)
	at java.base/jdk.internal.reflect.NativeMethodAccessorImpl.invoke0(Native Method)
	at java.base/jdk.internal.reflect.NativeMethodAccessorImpl.invoke(NativeMethodAccessorImpl.java:62)
	at java.base/jdk.internal.reflect.DelegatingMethodAccessorImpl.invoke(DelegatingMethodAccessorImpl.java:43)
	at java.base/java.lang.reflect.Method.invoke(Method.java:566)
	at org.codehaus.groovy.runtime.callsite.PlainObjectMetaMethodSite.doInvoke(PlainObjectMetaMethodSite.java:43)
	at org.codehaus.groovy.runtime.callsite.PogoMetaMethodSite$PogoCachedMethodSiteNoUnwrapNoCoerce.invoke(PogoMetaMethodSite.java:193)
	at org.codehaus.groovy.runtime.callsite.PogoMetaMethodSite.callCurrent(PogoMetaMethodSite.java:61)
	at org.codehaus.groovy.runtime.callsite.CallSiteArray.defaultCallCurrent(CallSiteArray.java:51)
	at org.codehaus.groovy.runtime.callsite.AbstractCallSite.callCurrent(AbstractCallSite.java:171)
	at org.codehaus.groovy.runtime.callsite.AbstractCallSite.callCurrent(AbstractCallSite.java:185)
	at nextflow.processor.TaskProcessor.invokeTask(TaskProcessor.groovy:599)
	at nextflow.processor.InvokeTaskAdapter.call(InvokeTaskAdapter.groovy:53)
	at groovyx.gpars.dataflow.operator.DataflowOperatorActor.startTask(DataflowOperatorActor.java:120)
	at groovyx.gpars.dataflow.operator.ForkingDataflowOperatorActor.access$001(ForkingDataflowOperatorActor.java:35)
	at groovyx.gpars.dataflow.operator.ForkingDataflowOperatorActor$1.run(ForkingDataflowOperatorActor.java:58)
	at java.base/java.util.concurrent.ThreadPoolExecutor.runWorker(ThreadPoolExecutor.java:1128)
	at java.base/java.util.concurrent.ThreadPoolExecutor$Worker.run(ThreadPoolExecutor.java:628)
	at java.base/java.lang.Thread.run(Thread.java:829)
Caused by: java.lang.IllegalStateException: Failed to pull singularity image
  command: singularity pull  --name telozib-verkko-latest.img.pulling.1671910448339 docker://telozib/verkko:latest > /dev/null
  status : 127
  message:
    bash: singularity: command not found

	at nextflow.container.SingularityCache.runCommand(SingularityCache.groovy:300)
	at nextflow.container.SingularityCache.downloadSingularityImage0(SingularityCache.groovy:267)
	at java.base/jdk.internal.reflect.NativeMethodAccessorImpl.invoke0(Native Method)
	at java.base/jdk.internal.reflect.NativeMethodAccessorImpl.invoke(NativeMethodAccessorImpl.java:62)
	at java.base/jdk.internal.reflect.DelegatingMethodAccessorImpl.invoke(DelegatingMethodAccessorImpl.java:43)
	at java.base/java.lang.reflect.Method.invoke(Method.java:566)
	at org.codehaus.groovy.reflection.CachedMethod.invoke(CachedMethod.java:107)
	at groovy.lang.MetaMethod.doMethodInvoke(MetaMethod.java:323)
	at groovy.lang.MetaClassImpl.invokeMethod(MetaClassImpl.java:1268)
	at groovy.lang.MetaClassImpl.invokeMethod(MetaClassImpl.java:1035)
	at org.codehaus.groovy.runtime.InvokerHelper.invokePogoMethod(InvokerHelper.java:1029)
	at org.codehaus.groovy.runtime.InvokerHelper.invokeMethod(InvokerHelper.java:1012)
	at org.codehaus.groovy.runtime.InvokerHelper.invokeMethodSafe(InvokerHelper.java:101)
	at nextflow.container.SingularityCache$_downloadSingularityImage_closure1.doCall(SingularityCache.groovy:235)
	at nextflow.container.SingularityCache$_downloadSingularityImage_closure1.call(SingularityCache.groovy)
	at nextflow.file.FileMutex.lock(FileMutex.groovy:107)
	at nextflow.container.SingularityCache.downloadSingularityImage(SingularityCache.groovy:235)
	at java.base/jdk.internal.reflect.NativeMethodAccessorImpl.invoke0(Native Method)
	at java.base/jdk.internal.reflect.NativeMethodAccessorImpl.invoke(NativeMethodAccessorImpl.java:62)
	at java.base/jdk.internal.reflect.DelegatingMethodAccessorImpl.invoke(DelegatingMethodAccessorImpl.java:43)
	at java.base/java.lang.reflect.Method.invoke(Method.java:566)
	at org.codehaus.groovy.reflection.CachedMethod.invoke(CachedMethod.java:107)
	at groovy.lang.MetaMethod.doMethodInvoke(MetaMethod.java:323)
	at groovy.lang.MetaClassImpl.invokeMethod(MetaClassImpl.java:1268)
	at groovy.lang.MetaClassImpl.invokeMethod(MetaClassImpl.java:1035)
	at org.codehaus.groovy.runtime.InvokerHelper.invokePogoMethod(InvokerHelper.java:1029)
	at org.codehaus.groovy.runtime.InvokerHelper.invokeMethod(InvokerHelper.java:1012)
	at org.codehaus.groovy.runtime.InvokerHelper.invokeMethodSafe(InvokerHelper.java:101)
	at nextflow.container.SingularityCache$_getLazyImagePath_closure2.doCall(SingularityCache.groovy:325)
	at nextflow.container.SingularityCache$_getLazyImagePath_closure2.call(SingularityCache.groovy)
	at groovyx.gpars.dataflow.LazyDataflowVariable$1.run(LazyDataflowVariable.java:70)
	... 3 common frames omitted
Dec-24 14:34:08.367 [Actor Thread 6] DEBUG nextflow.Session - Session aborted -- Cause: java.lang.IllegalStateException: Failed to pull singularity image
  command: singularity pull  --name telozib-verkko-latest.img.pulling.1671910448339 docker://telozib/verkko:latest > /dev/null
  status : 127
  message:
    bash: singularity: command not found

Dec-24 14:34:08.373 [Actor Thread 6] DEBUG nextflow.Session - The following nodes are still active:
[process] SPLITTLETTERS
  status=ACTIVE
  port 0: (queue) closed; channel: x
  port 1: (cntrl) -     ; channel: $

[process] CONVERTTOUPPER
  status=ACTIVE
  port 0: (queue) OPEN  ; channel: y
  port 1: (cntrl) -     ; channel: $

Dec-24 14:34:08.374 [main] DEBUG nextflow.Session - Session await > all processes finished
Dec-24 14:34:08.374 [main] DEBUG nextflow.Session - Session await > all barriers passed
Dec-24 14:34:08.377 [main] DEBUG nextflow.trace.WorkflowStatsObserver - Workflow completed > WorkflowStats[succeededCount=0; failedCount=0; ignoredCount=0; cachedCount=0; pendingCount=0; submittedCount=0; runningCount=0; retriesCount=0; abortedCount=0; succeedDuration=0ms; failedDuration=0ms; cachedDuration=0ms;loadCpus=0; loadMemory=0; peakRunning=0; peakCpus=0; peakMemory=0; ]
Dec-24 14:34:08.580 [main] DEBUG nextflow.cache.CacheDB - Closing CacheDB done
Dec-24 14:34:08.598 [main] DEBUG nextflow.script.ScriptRunner - > Execution complete -- Goodbye
